<?xml version="1.0" encoding="UTF-8"?>
<!-- Generated by org.testng.reporters.JUnitReportReporter -->
<testsuite hostname="DESKTOP-A8AOGG1" failures="0" tests="1" name="com.pratap.orangeHRM.tests.BoatLifestyleTest" time="12.309" errors="0" timestamp="2024-07-19T09:44:53 IST" skipped="0">
  <testcase classname="com.pratap.orangeHRM.tests.BoatLifestyleTest" name="test" time="12.309"/>
  <system-out/>
</testsuite> <!-- com.pratap.orangeHRM.tests.BoatLifestyleTest -->
