<?xml version="1.0" encoding="UTF-8"?>
<!-- Generated by org.testng.reporters.JUnitReportReporter -->
<testsuite hostname="DESKTOP-A8AOGG1" failures="0" tests="4" name="com.pratap.orangeHRM.tests.LoginTest" time="48.132" errors="0" timestamp="2024-07-06T21:48:54 IST" skipped="0">
  <testcase classname="com.pratap.orangeHRM.tests.LoginTest" name="testLogin" time="11.469"/>
  <system-out/>
  <testcase classname="com.pratap.orangeHRM.tests.LoginTest" name="testLogin" time="10.034"/>
  <system-out/>
  <testcase classname="com.pratap.orangeHRM.tests.LoginTest" name="testLogin" time="14.933"/>
  <system-out/>
  <testcase classname="com.pratap.orangeHRM.tests.LoginTest" name="testLogin" time="11.696"/>
  <system-out/>
</testsuite> <!-- com.pratap.orangeHRM.tests.LoginTest -->
