<?xml version="1.0" encoding="UTF-8"?>
<!-- Generated by org.testng.reporters.JUnitReportReporter -->
<testsuite hostname="DESKTOP-A8AOGG1" failures="0" tests="4" name="com.pratap.orangeHRM.tests.LoginTest" time="32.475" errors="0" timestamp="2024-06-30T16:52:52 IST" skipped="0">
  <testcase classname="com.pratap.orangeHRM.tests.LoginTest" name="testLogin" time="6.708"/>
  <system-out/>
  <testcase classname="com.pratap.orangeHRM.tests.LoginTest" name="testLogin" time="9.980"/>
  <system-out/>
  <testcase classname="com.pratap.orangeHRM.tests.LoginTest" name="testLogin" time="9.646"/>
  <system-out/>
  <testcase classname="com.pratap.orangeHRM.tests.LoginTest" name="testLogin" time="6.141"/>
  <system-out/>
</testsuite> <!-- com.pratap.orangeHRM.tests.LoginTest -->
