<?xml version="1.0" encoding="UTF-8"?>
<!-- Generated by org.testng.reporters.JUnitReportReporter -->
<testsuite hostname="DESKTOP-A8AOGG1" failures="0" tests="2" name="com.pratap.orangeHRM.tests.LoginTest" time="35.684" errors="0" timestamp="2024-07-13T16:17:30 IST" skipped="0">
  <testcase classname="com.pratap.orangeHRM.tests.LoginTest" name="testLogin" time="18.587"/>
  <system-out/>
  <testcase classname="com.pratap.orangeHRM.tests.LoginTest" name="testLogin" time="17.097"/>
  <system-out/>
</testsuite> <!-- com.pratap.orangeHRM.tests.LoginTest -->
