<?xml version="1.0" encoding="UTF-8"?>
<!-- Generated by org.testng.reporters.JUnitReportReporter -->
<testsuite hostname="DESKTOP-A8AOGG1" failures="0" tests="1" name="com.pratap.orangeHRM.tests.HomepageLeftPanelNavigationTest" time="25.562" errors="0" timestamp="2024-07-14T21:17:09 IST" skipped="0">
  <testcase classname="com.pratap.orangeHRM.tests.HomepageLeftPanelNavigationTest" name="testHomePageLeftPanel" time="25.562"/>
  <system-out/>
</testsuite> <!-- com.pratap.orangeHRM.tests.HomepageLeftPanelNavigationTest -->
