<?xml version="1.0" encoding="UTF-8"?>
<!-- Generated by org.testng.reporters.JUnitReportReporter -->
<testsuite hostname="DESKTOP-A8AOGG1" failures="0" tests="4" name="com.pratap.orangeHRM.tests.LoginTest" time="50.428" errors="0" timestamp="2024-06-30T21:26:21 IST" skipped="0">
  <testcase classname="com.pratap.orangeHRM.tests.LoginTest" name="testLogin" time="10.543"/>
  <system-out/>
  <testcase classname="com.pratap.orangeHRM.tests.LoginTest" name="testLogin" time="15.365"/>
  <system-out/>
  <testcase classname="com.pratap.orangeHRM.tests.LoginTest" name="testLogin" time="11.148"/>
  <system-out/>
  <testcase classname="com.pratap.orangeHRM.tests.LoginTest" name="testLogin" time="13.372"/>
  <system-out/>
</testsuite> <!-- com.pratap.orangeHRM.tests.LoginTest -->
